[debug] [2021-09-22T09:39:08.522Z] ----------------------------------------------------------------------
[debug] [2021-09-22T09:39:08.524Z] Command:       G:\Install Files\NodeJs\node.exe C:\Users\Long Louis\AppData\Roaming\npm\node_modules\firebase-tools\lib\bin\firebase.js init
[debug] [2021-09-22T09:39:08.526Z] CLI Version:   9.18.0
[debug] [2021-09-22T09:39:08.526Z] Platform:      win32
[debug] [2021-09-22T09:39:08.526Z] Node Version:  v14.17.4
[debug] [2021-09-22T09:39:08.528Z] Time:          Wed Sep 22 2021 16:39:08 GMT+0700 (Indochina Time)
[debug] [2021-09-22T09:39:08.528Z] ----------------------------------------------------------------------
[debug] 
[debug] [2021-09-22T09:39:08.530Z] >>> [apiv2][query] GET https://firebase-public.firebaseio.com/cli.json [none]
[debug] [2021-09-22T09:39:08.606Z] > command requires scopes: ["email","openid","https://www.googleapis.com/auth/cloudplatformprojects.readonly","https://www.googleapis.com/auth/firebase","https://www.googleapis.com/auth/cloud-platform"]
[debug] [2021-09-22T09:39:08.607Z] > authorizing via signed-in user (longlouis222@gmail.com)
[info] 
     ######## #### ########  ######## ########     ###     ######  ########
     ##        ##  ##     ## ##       ##     ##  ##   ##  ##       ##
     ######    ##  ########  ######   ########  #########  ######  ######
     ##        ##  ##    ##  ##       ##     ## ##     ##       ## ##
     ##       #### ##     ## ######## ########  ##     ##  ######  ########

You're about to initialize a Firebase project in this directory:

  G:\CodeWeb\VueJs\practical-project\FireBlogs-YouTube-master

Before we get started, keep in mind:

  * You are initializing within an existing Firebase project directory

[debug] [2021-09-22T09:39:09.380Z] <<< [apiv2][status] GET https://firebase-public.firebaseio.com/cli.json 200
[debug] [2021-09-22T09:39:09.380Z] <<< [apiv2][body] GET https://firebase-public.firebaseio.com/cli.json {"cloudBuildErrorAfter":1594252800000,"cloudBuildWarnAfter":1590019200000,"defaultNode10After":1594252800000,"minVersion":"3.0.5","node8DeploysDisabledAfter":1613390400000,"node8RuntimeDisabledAfter":1615809600000,"node8WarnAfter":1600128000000}
[info] 
=== Project Setup
[info] 
[info] First, let's associate this project directory with a Firebase project.
[info] You can create multiple project aliases by running firebase use --add, 
[info] but for now we'll just set up a default project.
[info] 
[info] i  .firebaserc already has a default project, using fireblogsyt-bcfac. 
[debug] [2021-09-22T09:40:12.294Z] > refreshing access token with scopes: []
[debug] [2021-09-22T09:40:12.294Z] >>> HTTP REQUEST POST https://www.googleapis.com/oauth2/v3/token  
 <request body omitted>
[debug] [2021-09-22T09:40:12.521Z] <<< HTTP RESPONSE 200 {"date":"Wed, 22 Sep 2021 09:40:11 GMT","cache-control":"no-cache, no-store, max-age=0, must-revalidate","expires":"Mon, 01 Jan 1990 00:00:00 GMT","pragma":"no-cache","content-type":"application/json; charset=utf-8","vary":"X-Origin, Referer, Origin,Accept-Encoding","server":"scaffolding on HTTPServer2","x-xss-protection":"0","x-frame-options":"SAMEORIGIN","x-content-type-options":"nosniff","alt-svc":"h3=\":443\"; ma=2592000,h3-29=\":443\"; ma=2592000,h3-T051=\":443\"; ma=2592000,h3-Q050=\":443\"; ma=2592000,h3-Q046=\":443\"; ma=2592000,h3-Q043=\":443\"; ma=2592000,quic=\":443\"; ma=2592000; v=\"46,43\"","accept-ranges":"none","transfer-encoding":"chunked"}
[debug] [2021-09-22T09:40:12.543Z] >>> [apiv2][query] GET https://firebase.googleapis.com/v1beta1/projects/fireblogsyt-bcfac [none]
[debug] [2021-09-22T09:40:13.008Z] <<< [apiv2][status] GET https://firebase.googleapis.com/v1beta1/projects/fireblogsyt-bcfac 200
[debug] [2021-09-22T09:40:13.008Z] <<< [apiv2][body] GET https://firebase.googleapis.com/v1beta1/projects/fireblogsyt-bcfac {"projectId":"fireblogsyt-bcfac","projectNumber":"767345749189","displayName":"FireBlogsYT","name":"projects/fireblogsyt-bcfac","resources":{"hostingSite":"fireblogsyt-bcfac","storageBucket":"fireblogsyt-bcfac.appspot.com","locationId":"us-central"},"state":"ACTIVE"}
[info] 
=== Hosting Setup
[info] 
[info] Your public directory is the folder (relative to your project directory) that
[info] will contain Hosting assets to be uploaded with firebase deploy. If you
[info] have a build process for your assets, use your build's output directory.
[info] 
[debug] [2021-09-22T09:42:00.041Z] >>> [apiv2][query] GET https://www.gstatic.com/firebasejs/releases.json [none]
[debug] [2021-09-22T09:42:00.197Z] <<< [apiv2][status] GET https://www.gstatic.com/firebasejs/releases.json 200
[debug] [2021-09-22T09:42:00.197Z] <<< [apiv2][body] GET https://www.gstatic.com/firebasejs/releases.json {"current":{"version":"9.0.2","browserURL":"https://www.gstatic.com/firebasejs/9.0.2/firebase.js","packageURL":"https://www.gstatic.com/firebasejs/9.0.2/firebase.tgz"},"live":{"version":"9.0","browserURL":"https://www.gstatic.com/firebasejs/live/9.0/firebase.js","packageURL":"https://www.gstatic.com/firebasejs/live/9.0/firebase.tgz"},"components":{"analytics":"https://www.gstatic.com/firebasejs/9.0.2/firebase-analytics.js","app":"https://www.gstatic.com/firebasejs/9.0.2/firebase-app.js","app-check":"https://www.gstatic.com/firebasejs/9.0.2/firebase-app-check.js","auth":"https://www.gstatic.com/firebasejs/9.0.2/firebase-auth.js","auth/cordova":"https://www.gstatic.com/firebasejs/9.0.2/firebase-auth/cordova.js","auth/react-native":"https://www.gstatic.com/firebasejs/9.0.2/firebase-auth/react-native.js","functions":"https://www.gstatic.com/firebasejs/9.0.2/firebase-functions.js","firestore":"https://www.gstatic.com/firebasejs/9.0.2/firebase-firestore.js","firestore/lite":"https://www.gstatic.com/firebasejs/9.0.2/firebase-firestore/lite.js","storage":"https://www.gstatic.com/firebasejs/9.0.2/firebase-storage.js","performance":"https://www.gstatic.com/firebasejs/9.0.2/firebase-performance.js","remote-config":"https://www.gstatic.com/firebasejs/9.0.2/firebase-remote-config.js","messaging":"https://www.gstatic.com/firebasejs/9.0.2/firebase-messaging.js","messaging/sw":"https://www.gstatic.com/firebasejs/9.0.2/firebase-messaging/sw.js","database":"https://www.gstatic.com/firebasejs/9.0.2/firebase-database.js","firestore.memory":"https://www.gstatic.com/firebasejs/9.0.2/firebase-firestore.memory.js"}}
[info] +  Wrote dist/index.html 
[info] 
[info] i  Didn't detect a .git folder. Assuming G:\CodeWeb\VueJs\practical-project\FireBlogs-YouTube-master is the project root. 
[info] i  Authorizing with GitHub to upload your service account to a GitHub repository's secrets store. 
[info] 
[info] Visit this URL on this device to log in:
[info] https://github.com/login/oauth/authorize?client_id=89cf50f02ac6aaed3484&state=515332081&redirect_uri=http%3A%2F%2Flocalhost%3A9005&scope=read%3Auser%20repo%20public_repo
[info] 
[info] Waiting for authentication...
[debug] [2021-09-22T09:42:30.848Z] >>> HTTP REQUEST POST https://github.com/login/oauth/access_token  
 {"client_id":"89cf50f02ac6aaed3484","client_secret":"3330d14abc895d9a74d5f17cd7a00711fa2c5bf0","code":"aefe56676b8a297b0dc5","redirect_uri":"http://localhost:9005","state":"515332081"}
[debug] [2021-09-22T09:42:31.352Z] <<< HTTP RESPONSE 200 {"server":"GitHub.com","date":"Wed, 22 Sep 2021 09:42:30 GMT","content-type":"application/json; charset=utf-8","transfer-encoding":"chunked","vary":"X-PJAX, X-PJAX-Container, Accept-Encoding, Accept, X-Requested-With","permissions-policy":"interest-cohort=()","etag":"W/\"5bb8586a5abd2b6ff09c160eb6845626\"","cache-control":"max-age=0, private, must-revalidate","strict-transport-security":"max-age=31536000; includeSubdomains; preload","x-frame-options":"deny","x-content-type-options":"nosniff","x-xss-protection":"0","referrer-policy":"origin-when-cross-origin, strict-origin-when-cross-origin","expect-ct":"max-age=2592000, report-uri=\"https://api.github.com/_private/browser/errors\"","content-security-policy":"default-src 'none'; base-uri 'self'; block-all-mixed-content; child-src github.githubassets.com; connect-src 'self' uploads.github.com www.githubstatus.com collector.githubapp.com api.github.com github-cloud.s3.amazonaws.com github-production-repository-file-5c1aeb.s3.amazonaws.com github-production-upload-manifest-file-7fdce7.s3.amazonaws.com github-production-user-asset-6210df.s3.amazonaws.com cdn.optimizely.com logx.optimizely.com/v1/events translator.github.com wss://alive.github.com; font-src github.githubassets.com; form-action 'self' github.com gist.github.com; frame-ancestors 'none'; frame-src render.githubusercontent.com viewscreen.githubusercontent.com; img-src 'self' data: github.githubassets.com identicons.github.com collector.githubapp.com github-cloud.s3.amazonaws.com secured-user-images.githubusercontent.com/ *.githubusercontent.com; manifest-src 'self'; media-src github.com user-images.githubusercontent.com/; script-src github.githubassets.com; style-src 'unsafe-inline' github.githubassets.com; worker-src github.githubassets.com github.com/socket-worker-0af8a29d.js gist.github.com/socket-worker-0af8a29d.js","x-github-request-id":"DBCC:16CC:70640A:7E6091:614AFA86"}
[debug] [2021-09-22T09:42:31.358Z] >>> [apiv2][query] GET https://api.github.com/user [none]
[debug] [2021-09-22T09:42:31.897Z] <<< [apiv2][status] GET https://api.github.com/user 200
[debug] [2021-09-22T09:42:31.897Z] <<< [apiv2][body] GET https://api.github.com/user {"login":"longlouis1222","id":67300066,"node_id":"MDQ6VXNlcjY3MzAwMDY2","avatar_url":"https://avatars.githubusercontent.com/u/67300066?v=4","gravatar_id":"","url":"https://api.github.com/users/longlouis1222","html_url":"https://github.com/longlouis1222","followers_url":"https://api.github.com/users/longlouis1222/followers","following_url":"https://api.github.com/users/longlouis1222/following{/other_user}","gists_url":"https://api.github.com/users/longlouis1222/gists{/gist_id}","starred_url":"https://api.github.com/users/longlouis1222/starred{/owner}{/repo}","subscriptions_url":"https://api.github.com/users/longlouis1222/subscriptions","organizations_url":"https://api.github.com/users/longlouis1222/orgs","repos_url":"https://api.github.com/users/longlouis1222/repos","events_url":"https://api.github.com/users/longlouis1222/events{/privacy}","received_events_url":"https://api.github.com/users/longlouis1222/received_events","type":"User","site_admin":false,"name":null,"company":null,"blog":"https://github.com/longlouis1222","location":null,"email":null,"hireable":null,"bio":null,"twitter_username":null,"public_repos":10,"public_gists":0,"followers":0,"following":0,"created_at":"2020-06-23T01:41:46Z","updated_at":"2021-07-31T03:32:11Z","private_gists":1,"total_private_repos":0,"owned_private_repos":0,"disk_usage":29199,"collaborators":0,"two_factor_authentication":false,"plan":{"name":"free","space":976562499,"collaborators":0,"private_repos":10000}}
[info] 
[info] +  Success! Logged into GitHub as longlouis1222 
[info] 
